#
# There is insufficient memory for the Java Runtime Environment to continue.
# Native memory allocation (malloc) failed to allocate 331856 bytes. Error detail: Chunk::new
# Possible reasons:
#   The system is out of physical RAM or swap space
#   This process is running with CompressedOops enabled, and the Java Heap may be blocking the growth of the native heap
# Possible solutions:
#   Reduce memory load on the system
#   Increase physical memory or swap space
#   Check if swap backing store is full
#   Decrease Java heap size (-Xmx/-Xms)
#   Decrease number of Java threads
#   Decrease Java thread stack sizes (-Xss)
#   Set larger code cache with -XX:ReservedCodeCacheSize=
#   JVM is running with Unscaled Compressed Oops mode in which the Java heap is
#     placed in the first 4GB address space. The Java Heap base address is the
#     maximum limit for the native heap growth. Please use -XX:HeapBaseMinAddress
#     to set the Java Heap base and to place the Java Heap above 4GB virtual address.
# This output file may be truncated or incomplete.
#
#  Out of Memory Error (arena.cpp:191), pid=13532, tid=14932
#
# JRE version: OpenJDK Runtime Environment Temurin-17.0.11+9 (17.0.11+9) (build 17.0.11+9)
# Java VM: OpenJDK 64-Bit Server VM Temurin-17.0.11+9 (17.0.11+9, mixed mode, tiered, compressed oops, compressed class ptrs, parallel gc, windows-amd64)
# No core dump will be written. Minidumps are not enabled by default on client versions of Windows
#

---------------  S U M M A R Y ------------

Command Line: --add-modules=ALL-SYSTEM --add-opens=java.base/java.util=ALL-UNNAMED --add-opens=java.base/java.lang=ALL-UNNAMED --add-opens=java.base/sun.nio.fs=ALL-UNNAMED -Declipse.application=org.eclipse.jdt.ls.core.id1 -Dosgi.bundles.defaultStartLevel=4 -Declipse.product=org.eclipse.jdt.ls.core.product -Djava.import.generatesMetadataFilesAtProjectRoot=false -DDetectVMInstallationsJob.disabled=true -Dfile.encoding=utf8 -XX:+UseParallelGC -XX:GCTimeRatio=4 -XX:AdaptiveSizePolicyWeight=90 -Dsun.zip.disableMemoryMapping=true -Xmx1G -Xms100m -Xlog:disable -javaagent:c:\Users\Administrator\.vscode\extensions\redhat.java-1.31.0-win32-x64\lombok\lombok-1.18.32.jar -XX:+HeapDumpOnOutOfMemoryError -XX:HeapDumpPath=c:\Users\Administrator\AppData\Roaming\Code\User\workspaceStorage\124f557a40298f3a0bc831777eeb44b7\redhat.java -Daether.dependencyCollector.impl=bf c:\Users\Administrator\.vscode\extensions\redhat.java-1.31.0-win32-x64\server\plugins\org.eclipse.equinox.launcher_1.6.800.v20240513-1750.jar -configuration c:\Users\Administrator\AppData\Roaming\Code\User\globalStorage\redhat.java\1.31.0\config_win -data c:\Users\Administrator\AppData\Roaming\Code\User\workspaceStorage\124f557a40298f3a0bc831777eeb44b7\redhat.java\jdt_ws --pipe=\\.\pipe\lsp-21ca156835f3b195c50ee945061f961d-sock

Host: 11th Gen Intel(R) Core(TM) i5-11400H @ 2.70GHz, 12 cores, 15G,  Windows 10 , 64 bit Build 19041 (10.0.19041.3636)
Time: Tue Jun 11 18:42:44 2024  Windows 10 , 64 bit Build 19041 (10.0.19041.3636) elapsed time: 0.758638 seconds (0d 0h 0m 0s)

---------------  T H R E A D  ---------------

Current thread (0x00000284876c4770):  JavaThread "C2 CompilerThread1" daemon [_thread_in_native, id=14932, stack(0x000000896dc00000,0x000000896dd00000)]


Current CompileTask:
C2:    758 1065       4       java.io.DataInputStream::readUTF (501 bytes)

Stack: [0x000000896dc00000,0x000000896dd00000]
Native frames: (J=compiled Java code, j=interpreted, Vv=VM code, C=native code)
V  [jvm.dll+0x67d429]
V  [jvm.dll+0x834b7a]
V  [jvm.dll+0x83663e]
V  [jvm.dll+0x836ca3]
V  [jvm.dll+0x247dbf]
V  [jvm.dll+0xac534]
V  [jvm.dll+0xacb7c]
V  [jvm.dll+0x3665f2]
V  [jvm.dll+0x330bba]
V  [jvm.dll+0x33005a]
V  [jvm.dll+0x21a471]
V  [jvm.dll+0x2198b1]
V  [jvm.dll+0x1a534d]
V  [jvm.dll+0x2295cd]
V  [jvm.dll+0x22779c]
V  [jvm.dll+0x7e9d07]
V  [jvm.dll+0x7e410a]
V  [jvm.dll+0x67c315]
C  [ucrtbase.dll+0x21bb2]
C  [KERNEL32.DLL+0x17344]
C  [ntdll.dll+0x526b1]


---------------  P R O C E S S  ---------------

Threads class SMR info:
_java_thread_list=0x0000028488f7aef0, length=13, elements={
0x00000284eda7d730, 0x00000284874d8740, 0x00000284874da710, 0x00000284823fbd30,
0x00000284823fc600, 0x0000028487516020, 0x00000284875168f0, 0x0000028487519500,
0x000002848754f000, 0x0000028487592580, 0x000002848762b290, 0x00000284876c4770,
0x000002848783ddc0
}

Java Threads: ( => current thread )
  0x00000284eda7d730 JavaThread "main" [_thread_in_native, id=23868, stack(0x000000896cf00000,0x000000896d000000)]
  0x00000284874d8740 JavaThread "Reference Handler" daemon [_thread_blocked, id=13384, stack(0x000000896d200000,0x000000896d300000)]
  0x00000284874da710 JavaThread "Finalizer" daemon [_thread_blocked, id=2104, stack(0x000000896d300000,0x000000896d400000)]
  0x00000284823fbd30 JavaThread "Signal Dispatcher" daemon [_thread_blocked, id=24112, stack(0x000000896d400000,0x000000896d500000)]
  0x00000284823fc600 JavaThread "Attach Listener" daemon [_thread_blocked, id=21212, stack(0x000000896d500000,0x000000896d600000)]
  0x0000028487516020 JavaThread "Service Thread" daemon [_thread_blocked, id=23700, stack(0x000000896d600000,0x000000896d700000)]
  0x00000284875168f0 JavaThread "Monitor Deflation Thread" daemon [_thread_blocked, id=14480, stack(0x000000896d700000,0x000000896d800000)]
  0x0000028487519500 JavaThread "C2 CompilerThread0" daemon [_thread_in_native, id=24524, stack(0x000000896d800000,0x000000896d900000)]
  0x000002848754f000 JavaThread "C1 CompilerThread0" daemon [_thread_blocked, id=24016, stack(0x000000896d900000,0x000000896da00000)]
  0x0000028487592580 JavaThread "Sweeper thread" daemon [_thread_blocked, id=15532, stack(0x000000896da00000,0x000000896db00000)]
  0x000002848762b290 JavaThread "Common-Cleaner" daemon [_thread_blocked, id=24160, stack(0x000000896db00000,0x000000896dc00000)]
=>0x00000284876c4770 JavaThread "C2 CompilerThread1" daemon [_thread_in_native, id=14932, stack(0x000000896dc00000,0x000000896dd00000)]
  0x000002848783ddc0 JavaThread "Notification Thread" daemon [_thread_blocked, id=20532, stack(0x000000896dd00000,0x000000896de00000)]

Other Threads:
  0x00000284874c2930 VMThread "VM Thread" [stack: 0x000000896d100000,0x000000896d200000] [id=15488]
  0x0000028488c6acd0 WatcherThread [stack: 0x000000896de00000,0x000000896df00000] [id=4576]
  0x00000284eda953c0 GCTaskThread "GC Thread#0" [stack: 0x000000896d000000,0x000000896d100000] [id=23676]
  0x00000284891ed040 GCTaskThread "GC Thread#1" [stack: 0x000000896e000000,0x000000896e100000] [id=24512]
  0x00000284891ed300 GCTaskThread "GC Thread#2" [stack: 0x000000896e100000,0x000000896e200000] [id=13028]
  0x0000028489283fa0 GCTaskThread "GC Thread#3" [stack: 0x000000896e200000,0x000000896e300000] [id=23036]
  0x00000284893b1030 GCTaskThread "GC Thread#4" [stack: 0x000000896e300000,0x000000896e400000] [id=24308]
  0x00000284893b12f0 GCTaskThread "GC Thread#5" [stack: 0x000000896e400000,0x000000896e500000] [id=24312]
  0x00000284891f5910 GCTaskThread "GC Thread#6" [stack: 0x000000896e500000,0x000000896e600000] [id=24316]

Threads with active compile tasks:
C2 CompilerThread0      783 1083       4       org.eclipse.osgi.container.ModuleDatabase$Persistence::readString0 (98 bytes)
C2 CompilerThread1      783 1065       4       java.io.DataInputStream::readUTF (501 bytes)

VM state: not at safepoint (normal execution)

VM Mutex/Monitor currently owned by a thread: None

Heap address: 0x00000000c0000000, size: 1024 MB, Compressed Oops mode: 32-bit

CDS archive(s) not mapped
Compressed class space mapped at: 0x0000000100000000-0x0000000140000000, reserved size: 1073741824
Narrow klass base: 0x0000000000000000, Narrow klass shift: 3, Narrow klass range: 0x140000000

GC Precious Log:
 CPUs: 12 total, 12 available
 Memory: 16235M
 Large Page Support: Disabled
 NUMA Support: Disabled
 Compressed Oops: Enabled (32-bit)
 Alignments: Space 512K, Generation 512K, Heap 2M
 Heap Min Capacity: 100M
 Heap Initial Capacity: 100M
 Heap Max Capacity: 1G
 Pre-touch: Disabled
 Parallel Workers: 10

Heap:
 PSYoungGen      total 29696K, used 10162K [0x00000000eab00000, 0x00000000ecc00000, 0x0000000100000000)
  eden space 25600K, 26% used [0x00000000eab00000,0x00000000eb1b9910,0x00000000ec400000)
  from space 4096K, 79% used [0x00000000ec400000,0x00000000ec733278,0x00000000ec800000)
  to   space 4096K, 0% used [0x00000000ec800000,0x00000000ec800000,0x00000000ecc00000)
 ParOldGen       total 68608K, used 16K [0x00000000c0000000, 0x00000000c4300000, 0x00000000eab00000)
  object space 68608K, 0% used [0x00000000c0000000,0x00000000c0004000,0x00000000c4300000)
 Metaspace       used 12089K, committed 12288K, reserved 1114112K
  class space    used 1186K, committed 1280K, reserved 1048576K

Card table byte_map: [0x00000284ffc90000,0x00000284ffea0000] _byte_map_base: 0x00000284ff690000

Marking Bits: (ParMarkBitMap*) 0x00007ffff795d820
 Begin Bits: [0x0000028480000000, 0x0000028481000000)
 End Bits:   [0x0000028481000000, 0x0000028482000000)

Polling page: 0x00000284ec1e0000

Metaspace:

Usage:
  Non-class:     10.65 MB used.
      Class:      1.16 MB used.
       Both:     11.81 MB used.

Virtual space:
  Non-class space:       64.00 MB reserved,      10.75 MB ( 17%) committed,  1 nodes.
      Class space:        1.00 GB reserved,       1.25 MB ( <1%) committed,  1 nodes.
             Both:        1.06 GB reserved,      12.00 MB (  1%) committed. 

Chunk freelists:
   Non-Class:  4.42 MB
       Class:  14.61 MB
        Both:  19.03 MB

MaxMetaspaceSize: unlimited
CompressedClassSpaceSize: 1.00 GB
Initial GC threshold: 21.00 MB
Current GC threshold: 21.00 MB
CDS: off
MetaspaceReclaimPolicy: balanced
 - commit_granule_bytes: 65536.
 - commit_granule_words: 8192.
 - virtual_space_node_default_size: 8388608.
 - enlarge_chunks_in_place: 1.
 - new_chunks_are_fully_committed: 0.
 - uncommit_free_chunks: 1.
 - use_allocation_guard: 0.
 - handle_deallocations: 1.


Internal statistics:

num_allocs_failed_limit: 0.
num_arena_births: 30.
num_arena_deaths: 0.
num_vsnodes_births: 2.
num_vsnodes_deaths: 0.
num_space_committed: 192.
num_space_uncommitted: 0.
num_chunks_returned_to_freelist: 0.
num_chunks_taken_from_freelist: 137.
num_chunk_merges: 0.
num_chunk_splits: 93.
num_chunks_enlarged: 80.
num_inconsistent_stats: 0.

CodeHeap 'non-profiled nmethods': size=120000Kb used=427Kb max_used=427Kb free=119572Kb
 bounds [0x00000284f8580000, 0x00000284f87f0000, 0x00000284ffab0000]
CodeHeap 'profiled nmethods': size=120000Kb used=1958Kb max_used=1958Kb free=118041Kb
 bounds [0x00000284f0ab0000, 0x00000284f0d20000, 0x00000284f7fe0000]
CodeHeap 'non-nmethods': size=5760Kb used=1162Kb max_used=1192Kb free=4597Kb
 bounds [0x00000284f7fe0000, 0x00000284f8250000, 0x00000284f8580000]
 total_blobs=1546 nmethods=1104 adapters=357
 compilation: enabled
              stopped_count=0, restarted_count=0
 full_count=0

Compilation events (20 events):
Event: 0.753 Thread 0x000002848754f000 1088   !   3       java.security.Provider::getService (173 bytes)
Event: 0.754 Thread 0x000002848754f000 nmethod 1088 0x00000284f0c87f10 code [0x00000284f0c88180, 0x00000284f0c88e88]
Event: 0.754 Thread 0x000002848754f000 1089       3       java.security.Provider$ServiceKey::matches (22 bytes)
Event: 0.754 Thread 0x000002848754f000 nmethod 1089 0x00000284f0c89310 code [0x00000284f0c894a0, 0x00000284f0c89658]
Event: 0.754 Thread 0x000002848754f000 1090       3       sun.net.www.protocol.jar.Handler::parseURL (173 bytes)
Event: 0.754 Thread 0x000002848754f000 nmethod 1090 0x00000284f0c89710 code [0x00000284f0c899c0, 0x00000284f0c8a558]
Event: 0.754 Thread 0x000002848754f000 1091       3       sun.net.www.protocol.jar.Handler::indexOfBangSlash (52 bytes)
Event: 0.754 Thread 0x0000028487519500 nmethod 1079 0x00000284f85e8c90 code [0x00000284f85e8e60, 0x00000284f85e9770]
Event: 0.754 Thread 0x0000028487519500 1081       4       java.util.ArrayList::get (15 bytes)
Event: 0.755 Thread 0x000002848754f000 nmethod 1091 0x00000284f0c8aa90 code [0x00000284f0c8ad00, 0x00000284f0c8b7f8]
Event: 0.755 Thread 0x000002848754f000 1096       3       org.eclipse.osgi.container.ModuleRevisionBuilder::unmodifiableMap (86 bytes)
Event: 0.755 Thread 0x0000028487519500 nmethod 1081 0x00000284f85e9b90 code [0x00000284f85e9d00, 0x00000284f85e9df8]
Event: 0.755 Thread 0x0000028487519500 1083       4       org.eclipse.osgi.container.ModuleDatabase$Persistence::readString0 (98 bytes)
Event: 0.755 Thread 0x000002848754f000 nmethod 1096 0x00000284f0c8bc10 code [0x00000284f0c8bea0, 0x00000284f0c8cc08]
Event: 0.755 Thread 0x000002848754f000 1094       1       org.eclipse.osgi.container.ModuleRevisionBuilder$GenericInfo::getNamespace (5 bytes)
Event: 0.756 Thread 0x000002848754f000 nmethod 1094 0x00000284f85e9f10 code [0x00000284f85ea0a0, 0x00000284f85ea178]
Event: 0.756 Thread 0x000002848754f000 1095       1       java.util.Collections$EmptyMap::size (2 bytes)
Event: 0.756 Thread 0x000002848754f000 nmethod 1095 0x00000284f85ea210 code [0x00000284f85ea3a0, 0x00000284f85ea478]
Event: 0.756 Thread 0x000002848754f000 1092       3       java.net.URLStreamHandler::setURL (159 bytes)
Event: 0.757 Thread 0x000002848754f000 nmethod 1092 0x00000284f0c8cf90 code [0x00000284f0c8d320, 0x00000284f0c8e888]

GC Heap History (2 events):
Event: 0.670 GC heap before
{Heap before GC invocations=1 (full 0):
 PSYoungGen      total 29696K, used 25600K [0x00000000eab00000, 0x00000000ecc00000, 0x0000000100000000)
  eden space 25600K, 100% used [0x00000000eab00000,0x00000000ec400000,0x00000000ec400000)
  from space 4096K, 0% used [0x00000000ec800000,0x00000000ec800000,0x00000000ecc00000)
  to   space 4096K, 0% used [0x00000000ec400000,0x00000000ec400000,0x00000000ec800000)
 ParOldGen       total 68608K, used 0K [0x00000000c0000000, 0x00000000c4300000, 0x00000000eab00000)
  object space 68608K, 0% used [0x00000000c0000000,0x00000000c0000000,0x00000000c4300000)
 Metaspace       used 10973K, committed 11200K, reserved 1114112K
  class space    used 1090K, committed 1216K, reserved 1048576K
}
Event: 0.675 GC heap after
{Heap after GC invocations=1 (full 0):
 PSYoungGen      total 29696K, used 3276K [0x00000000eab00000, 0x00000000ecc00000, 0x0000000100000000)
  eden space 25600K, 0% used [0x00000000eab00000,0x00000000eab00000,0x00000000ec400000)
  from space 4096K, 79% used [0x00000000ec400000,0x00000000ec733278,0x00000000ec800000)
  to   space 4096K, 0% used [0x00000000ec800000,0x00000000ec800000,0x00000000ecc00000)
 ParOldGen       total 68608K, used 16K [0x00000000c0000000, 0x00000000c4300000, 0x00000000eab00000)
  object space 68608K, 0% used [0x00000000c0000000,0x00000000c0004000,0x00000000c4300000)
 Metaspace       used 10973K, committed 11200K, reserved 1114112K
  class space    used 1090K, committed 1216K, reserved 1048576K
}

Dll operation events (8 events):
Event: 0.010 Loaded shared library c:\Users\Administrator\.vscode\extensions\redhat.java-1.31.0-win32-x64\jre\17.0.11-win32-x86_64\bin\java.dll
Event: 0.151 Loaded shared library c:\Users\Administrator\.vscode\extensions\redhat.java-1.31.0-win32-x64\jre\17.0.11-win32-x86_64\bin\zip.dll
Event: 0.157 Loaded shared library C:\Users\Administrator\.vscode\extensions\redhat.java-1.31.0-win32-x64\jre\17.0.11-win32-x86_64\bin\instrument.dll
Event: 0.167 Loaded shared library C:\Users\Administrator\.vscode\extensions\redhat.java-1.31.0-win32-x64\jre\17.0.11-win32-x86_64\bin\net.dll
Event: 0.170 Loaded shared library C:\Users\Administrator\.vscode\extensions\redhat.java-1.31.0-win32-x64\jre\17.0.11-win32-x86_64\bin\nio.dll
Event: 0.176 Loaded shared library C:\Users\Administrator\.vscode\extensions\redhat.java-1.31.0-win32-x64\jre\17.0.11-win32-x86_64\bin\zip.dll
Event: 0.190 Loaded shared library C:\Users\Administrator\.vscode\extensions\redhat.java-1.31.0-win32-x64\jre\17.0.11-win32-x86_64\bin\jimage.dll
Event: 0.278 Loaded shared library c:\Users\Administrator\.vscode\extensions\redhat.java-1.31.0-win32-x64\jre\17.0.11-win32-x86_64\bin\verify.dll

Deoptimization events (20 events):
Event: 0.609 Thread 0x00000284eda7d730 Uncommon trap: trap_request=0xffffffc6 fr.pc=0x00000284f85aad9c relative=0x000000000000027c
Event: 0.609 Thread 0x00000284eda7d730 Uncommon trap: reason=bimorphic_or_optimized_type_check action=maybe_recompile pc=0x00000284f85aad9c method=java.util.Collections$UnmodifiableCollection$1.next()Ljava/lang/Object; @ 4 c2
Event: 0.609 Thread 0x00000284eda7d730 DEOPT PACKING pc=0x00000284f85aad9c sp=0x000000896cffe610
Event: 0.609 Thread 0x00000284eda7d730 DEOPT UNPACKING pc=0x00000284f8039ea3 sp=0x000000896cffe5c0 mode 2
Event: 0.634 Thread 0x00000284eda7d730 Uncommon trap: trap_request=0xffffff45 fr.pc=0x00000284f85c57bc relative=0x000000000000099c
Event: 0.634 Thread 0x00000284eda7d730 Uncommon trap: reason=unstable_if action=reinterpret pc=0x00000284f85c57bc method=java.util.HashMap.hash(Ljava/lang/Object;)I @ 1 c2
Event: 0.634 Thread 0x00000284eda7d730 DEOPT PACKING pc=0x00000284f85c57bc sp=0x000000896cffe470
Event: 0.634 Thread 0x00000284eda7d730 DEOPT UNPACKING pc=0x00000284f8039ea3 sp=0x000000896cffe3e0 mode 2
Event: 0.634 Thread 0x00000284eda7d730 Uncommon trap: trap_request=0xffffff45 fr.pc=0x00000284f85ce960 relative=0x0000000000000240
Event: 0.634 Thread 0x00000284eda7d730 Uncommon trap: reason=unstable_if action=reinterpret pc=0x00000284f85ce960 method=java.util.HashMap.hash(Ljava/lang/Object;)I @ 1 c2
Event: 0.634 Thread 0x00000284eda7d730 DEOPT PACKING pc=0x00000284f85ce960 sp=0x000000896cffe3a0
Event: 0.634 Thread 0x00000284eda7d730 DEOPT UNPACKING pc=0x00000284f8039ea3 sp=0x000000896cffe238 mode 2
Event: 0.634 Thread 0x00000284eda7d730 Uncommon trap: trap_request=0xffffff45 fr.pc=0x00000284f85ce2e0 relative=0x0000000000000240
Event: 0.634 Thread 0x00000284eda7d730 Uncommon trap: reason=unstable_if action=reinterpret pc=0x00000284f85ce2e0 method=java.util.HashMap.hash(Ljava/lang/Object;)I @ 1 c2
Event: 0.634 Thread 0x00000284eda7d730 DEOPT PACKING pc=0x00000284f85ce2e0 sp=0x000000896cffe440
Event: 0.634 Thread 0x00000284eda7d730 DEOPT UNPACKING pc=0x00000284f8039ea3 sp=0x000000896cffe348 mode 2
Event: 0.634 Thread 0x00000284eda7d730 Uncommon trap: trap_request=0xffffff45 fr.pc=0x00000284f85c4494 relative=0x0000000000000094
Event: 0.634 Thread 0x00000284eda7d730 Uncommon trap: reason=unstable_if action=reinterpret pc=0x00000284f85c4494 method=java.util.HashMap.hash(Ljava/lang/Object;)I @ 1 c2
Event: 0.634 Thread 0x00000284eda7d730 DEOPT PACKING pc=0x00000284f85c4494 sp=0x000000896cffe2a0
Event: 0.634 Thread 0x00000284eda7d730 DEOPT UNPACKING pc=0x00000284f8039ea3 sp=0x000000896cffe238 mode 2

Classes unloaded (0 events):
No events

Classes redefined (0 events):
No events

Internal exceptions (20 events):
Event: 0.473 Thread 0x00000284eda7d730 Exception <a 'java/io/FileNotFoundException'{0x00000000eb8b3d80}> (0x00000000eb8b3d80) 
thrown [s\src\hotspot\share\prims\jni.cpp, line 516]
Event: 0.474 Thread 0x00000284eda7d730 Exception <a 'java/io/FileNotFoundException'{0x00000000eb8b4db8}> (0x00000000eb8b4db8) 
thrown [s\src\hotspot\share\prims\jni.cpp, line 516]
Event: 0.474 Thread 0x00000284eda7d730 Exception <a 'java/io/FileNotFoundException'{0x00000000eb8b5de8}> (0x00000000eb8b5de8) 
thrown [s\src\hotspot\share\prims\jni.cpp, line 516]
Event: 0.474 Thread 0x00000284eda7d730 Exception <a 'java/io/FileNotFoundException'{0x00000000eb8b6de8}> (0x00000000eb8b6de8) 
thrown [s\src\hotspot\share\prims\jni.cpp, line 516]
Event: 0.480 Thread 0x00000284eda7d730 Exception <a 'java/io/FileNotFoundException'{0x00000000eb8f19f8}> (0x00000000eb8f19f8) 
thrown [s\src\hotspot\share\prims\jni.cpp, line 516]
Event: 0.602 Thread 0x00000284eda7d730 Exception <a 'java/lang/ClassNotFoundException'{0x00000000ec0f8a78}: sun/net/www/protocol/c/Handler> (0x00000000ec0f8a78) 
thrown [s\src\hotspot\share\classfile\systemDictionary.cpp, line 256]
Event: 0.603 Thread 0x00000284eda7d730 Exception <a 'java/lang/ClassNotFoundException'{0x00000000ec0f9e10}: sun/net/www/protocol/g/Handler> (0x00000000ec0f9e10) 
thrown [s\src\hotspot\share\classfile\systemDictionary.cpp, line 256]
Event: 0.603 Thread 0x00000284eda7d730 Exception <a 'java/lang/ClassNotFoundException'{0x00000000ec0faff8}: sun/net/www/protocol/c/Handler> (0x00000000ec0faff8) 
thrown [s\src\hotspot\share\classfile\systemDictionary.cpp, line 256]
Event: 0.609 Thread 0x00000284eda7d730 Exception <a 'java/io/FileNotFoundException'{0x00000000ec122700}> (0x00000000ec122700) 
thrown [s\src\hotspot\share\prims\jni.cpp, line 516]
Event: 0.634 Thread 0x00000284eda7d730 Implicit null exception at 0x00000284f85c4e5b to 0x00000284f85c57a4
Event: 0.634 Thread 0x00000284eda7d730 Implicit null exception at 0x00000284f85ce76c to 0x00000284f85ce948
Event: 0.634 Thread 0x00000284eda7d730 Implicit null exception at 0x00000284f85ce0ec to 0x00000284f85ce2c8
Event: 0.634 Thread 0x00000284eda7d730 Implicit null exception at 0x00000284f85c440f to 0x00000284f85c4485
Event: 0.675 Thread 0x00000284eda7d730 Exception <a 'java/lang/NoSuchMethodError'{0x00000000ec4cb248}: 'int java.lang.invoke.DirectMethodHandle$Holder.invokeStaticInit(java.lang.Object, java.lang.Object, java.lang.Object, java.lang.Object)'> (0x00000000ec4cb248) 
thrown [s\src\hotspot\share\interpreter\linkResolver.cpp, line 759]
Event: 0.677 Thread 0x00000284eda7d730 Exception <a 'java/lang/NoSuchMethodError'{0x00000000eab0a420}: 'java.lang.Object java.lang.invoke.DirectMethodHandle$Holder.invokeInterface(java.lang.Object, java.lang.Object)'> (0x00000000eab0a420) 
thrown [s\src\hotspot\share\interpreter\linkResolver.cpp, line 759]
Event: 0.677 Thread 0x00000284eda7d730 Exception <a 'java/lang/IncompatibleClassChangeError'{0x00000000eab0dc18}: Found class java.lang.Object, but interface was expected> (0x00000000eab0dc18) 
thrown [s\src\hotspot\share\interpreter\linkResolver.cpp, line 826]
Event: 0.678 Thread 0x00000284eda7d730 Exception <a 'java/lang/NoSuchMethodError'{0x00000000eab12108}: 'void java.lang.invoke.DirectMethodHandle$Holder.invokeStatic(java.lang.Object, java.lang.Object)'> (0x00000000eab12108) 
thrown [s\src\hotspot\share\interpreter\linkResolver.cpp, line 759]
Event: 0.678 Thread 0x00000284eda7d730 Exception <a 'java/lang/NoSuchMethodError'{0x00000000eab15908}: 'void java.lang.invoke.DirectMethodHandle$Holder.invokeStaticInit(java.lang.Object, java.lang.Object)'> (0x00000000eab15908) 
thrown [s\src\hotspot\share\interpreter\linkResolver.cpp, line 759]
Event: 0.679 Thread 0x00000284eda7d730 Exception <a 'java/lang/NoSuchMethodError'{0x00000000eab1d038}: 'int java.lang.invoke.DirectMethodHandle$Holder.invokeStaticInit(java.lang.Object, java.lang.Object)'> (0x00000000eab1d038) 
thrown [s\src\hotspot\share\interpreter\linkResolver.cpp, line 759]
Event: 0.713 Thread 0x00000284eda7d730 Exception <a 'java/lang/NoSuchMethodError'{0x00000000eaca92b8}: 'void java.lang.invoke.DirectMethodHandle$Holder.invokeSpecial(java.lang.Object, java.lang.Object, java.lang.Object)'> (0x00000000eaca92b8) 
thrown [s\src\hotspot\share\interpreter\linkResolver.cpp, line 759]

VM Operations (12 events):
Event: 0.136 Executing VM operation: HandshakeAllThreads
Event: 0.136 Executing VM operation: HandshakeAllThreads done
Event: 0.205 Executing VM operation: HandshakeAllThreads
Event: 0.205 Executing VM operation: HandshakeAllThreads done
Event: 0.455 Executing VM operation: HandshakeAllThreads
Event: 0.455 Executing VM operation: HandshakeAllThreads done
Event: 0.466 Executing VM operation: HandshakeAllThreads
Event: 0.466 Executing VM operation: HandshakeAllThreads done
Event: 0.585 Executing VM operation: ICBufferFull
Event: 0.585 Executing VM operation: ICBufferFull done
Event: 0.670 Executing VM operation: ParallelGCFailedAllocation
Event: 0.675 Executing VM operation: ParallelGCFailedAllocation done

Events (20 events):
Event: 0.729 loading class java/util/AbstractQueue done
Event: 0.729 loading class java/util/concurrent/SynchronousQueue done
Event: 0.729 loading class java/util/concurrent/SynchronousQueue$TransferStack
Event: 0.729 loading class java/util/concurrent/SynchronousQueue$Transferer
Event: 0.729 loading class java/util/concurrent/SynchronousQueue$Transferer done
Event: 0.729 loading class java/util/concurrent/SynchronousQueue$TransferStack done
Event: 0.729 loading class java/util/concurrent/SynchronousQueue$TransferStack$SNode
Event: 0.729 loading class java/util/concurrent/ForkJoinPool$ManagedBlocker
Event: 0.729 loading class java/util/concurrent/ForkJoinPool$ManagedBlocker done
Event: 0.729 loading class java/util/concurrent/SynchronousQueue$TransferStack$SNode done
Event: 0.730 loading class java/util/concurrent/RejectedExecutionHandler
Event: 0.730 loading class java/util/concurrent/RejectedExecutionHandler done
Event: 0.730 loading class java/util/concurrent/LinkedBlockingQueue
Event: 0.730 loading class java/util/concurrent/LinkedBlockingQueue done
Event: 0.730 loading class java/util/concurrent/LinkedBlockingQueue$Node
Event: 0.730 loading class java/util/concurrent/LinkedBlockingQueue$Node done
Event: 0.738 loading class java/util/concurrent/Semaphore$NonfairSync
Event: 0.738 loading class java/util/concurrent/Semaphore$Sync
Event: 0.738 loading class java/util/concurrent/Semaphore$Sync done
Event: 0.738 loading class java/util/concurrent/Semaphore$NonfairSync done


Dynamic libraries:
0x00007ff696d30000 - 0x00007ff696d3e000 	c:\Users\Administrator\.vscode\extensions\redhat.java-1.31.0-win32-x64\jre\17.0.11-win32-x86_64\bin\java.exe
0x00007ff87c5d0000 - 0x00007ff87c7c8000 	C:\WINDOWS\SYSTEM32\ntdll.dll
0x00007ff87a570000 - 0x00007ff87a62d000 	C:\WINDOWS\System32\KERNEL32.DLL
0x00007ff879e20000 - 0x00007ff87a116000 	C:\WINDOWS\System32\KERNELBASE.dll
0x00007ff879940000 - 0x00007ff879a40000 	C:\WINDOWS\System32\ucrtbase.dll
0x00007ff8754d0000 - 0x00007ff8754e7000 	c:\Users\Administrator\.vscode\extensions\redhat.java-1.31.0-win32-x64\jre\17.0.11-win32-x86_64\bin\jli.dll
0x00007ff8754b0000 - 0x00007ff8754cb000 	c:\Users\Administrator\.vscode\extensions\redhat.java-1.31.0-win32-x64\jre\17.0.11-win32-x86_64\bin\VCRUNTIME140.dll
0x00007ff87be10000 - 0x00007ff87bfae000 	C:\WINDOWS\System32\USER32.dll
0x00007ff87a2e0000 - 0x00007ff87a302000 	C:\WINDOWS\System32\win32u.dll
0x00007ff87a8f0000 - 0x00007ff87a91c000 	C:\WINDOWS\System32\GDI32.dll
0x00007ff87a1c0000 - 0x00007ff87a2da000 	C:\WINDOWS\System32\gdi32full.dll
0x00007ff87a120000 - 0x00007ff87a1bd000 	C:\WINDOWS\System32\msvcp_win.dll
0x00007ff863250000 - 0x00007ff8634ea000 	C:\WINDOWS\WinSxS\amd64_microsoft.windows.common-controls_6595b64144ccf1df_6.0.19041.3636_none_60b6a03d71f818d5\COMCTL32.dll
0x00007ff87a630000 - 0x00007ff87a6ce000 	C:\WINDOWS\System32\msvcrt.dll
0x00007ff87b660000 - 0x00007ff87b690000 	C:\WINDOWS\System32\IMM32.DLL
0x0000000069f60000 - 0x0000000069f6d000 	C:\Program Files (x86)\360\360Safe\safemon\SafeWrapper.dll
0x00007ff87a840000 - 0x00007ff87a8ef000 	C:\WINDOWS\System32\ADVAPI32.dll
0x00007ff87c4e0000 - 0x00007ff87c57c000 	C:\WINDOWS\System32\sechost.dll
0x00007ff87c280000 - 0x00007ff87c3a6000 	C:\WINDOWS\System32\RPCRT4.dll
0x00007ff85cea0000 - 0x00007ff85cfa3000 	C:\Program Files (x86)\360\360Safe\safemon\libzdtp64.dll
0x00007ff87b6a0000 - 0x00007ff87bde5000 	C:\WINDOWS\System32\SHELL32.dll
0x00007ff87c3b0000 - 0x00007ff87c405000 	C:\WINDOWS\System32\SHLWAPI.dll
0x00007ff8794d0000 - 0x00007ff8794da000 	C:\WINDOWS\SYSTEM32\VERSION.dll
0x00007ff8754a0000 - 0x00007ff8754ac000 	c:\Users\Administrator\.vscode\extensions\redhat.java-1.31.0-win32-x64\jre\17.0.11-win32-x86_64\bin\vcruntime140_1.dll
0x00007ff812a50000 - 0x00007ff812add000 	c:\Users\Administrator\.vscode\extensions\redhat.java-1.31.0-win32-x64\jre\17.0.11-win32-x86_64\bin\msvcp140.dll
0x00007ffff6dc0000 - 0x00007ffff7a22000 	c:\Users\Administrator\.vscode\extensions\redhat.java-1.31.0-win32-x64\jre\17.0.11-win32-x86_64\bin\server\jvm.dll
0x00007ff87a310000 - 0x00007ff87a35b000 	C:\WINDOWS\System32\POWRPROF.dll
0x00007ff870900000 - 0x00007ff870927000 	C:\WINDOWS\SYSTEM32\WINMM.dll
0x00007ff85f2d0000 - 0x00007ff85f2d9000 	C:\WINDOWS\SYSTEM32\WSOCK32.dll
0x00007ff87c410000 - 0x00007ff87c47b000 	C:\WINDOWS\System32\WS2_32.dll
0x00007ff878d00000 - 0x00007ff878d12000 	C:\WINDOWS\SYSTEM32\UMPDC.dll
0x00007ff87a420000 - 0x00007ff87a432000 	C:\WINDOWS\System32\kernel.appcore.dll
0x00007ff875490000 - 0x00007ff87549a000 	c:\Users\Administrator\.vscode\extensions\redhat.java-1.31.0-win32-x64\jre\17.0.11-win32-x86_64\bin\jimage.dll
0x00007ff86ff90000 - 0x00007ff870174000 	C:\WINDOWS\SYSTEM32\DBGHELP.DLL
0x00007ff854750000 - 0x00007ff854784000 	C:\WINDOWS\SYSTEM32\dbgcore.DLL
0x00007ff87a360000 - 0x00007ff87a3e2000 	C:\WINDOWS\System32\bcryptPrimitives.dll
0x00007ff871c80000 - 0x00007ff871c8e000 	c:\Users\Administrator\.vscode\extensions\redhat.java-1.31.0-win32-x64\jre\17.0.11-win32-x86_64\bin\instrument.dll
0x00007ff85cb20000 - 0x00007ff85cb45000 	c:\Users\Administrator\.vscode\extensions\redhat.java-1.31.0-win32-x64\jre\17.0.11-win32-x86_64\bin\java.dll
0x00007ff86bd80000 - 0x00007ff86bd98000 	c:\Users\Administrator\.vscode\extensions\redhat.java-1.31.0-win32-x64\jre\17.0.11-win32-x86_64\bin\zip.dll
0x00007ff877aa0000 - 0x00007ff87823b000 	C:\WINDOWS\SYSTEM32\windows.storage.dll
0x00007ff87b150000 - 0x00007ff87b4a4000 	C:\WINDOWS\System32\combase.dll
0x00007ff879230000 - 0x00007ff87925d000 	C:\WINDOWS\SYSTEM32\Wldp.dll
0x00007ff87a920000 - 0x00007ff87a9cd000 	C:\WINDOWS\System32\SHCORE.dll
0x00007ff879870000 - 0x00007ff879895000 	C:\WINDOWS\SYSTEM32\profapi.dll
0x00007ff8648d0000 - 0x00007ff8648e9000 	C:\Users\Administrator\.vscode\extensions\redhat.java-1.31.0-win32-x64\jre\17.0.11-win32-x86_64\bin\net.dll
0x00007ff873020000 - 0x00007ff87312a000 	C:\WINDOWS\SYSTEM32\WINHTTP.dll
0x00007ff879010000 - 0x00007ff87907a000 	C:\WINDOWS\system32\mswsock.dll
0x00007ff860100000 - 0x00007ff860116000 	C:\Users\Administrator\.vscode\extensions\redhat.java-1.31.0-win32-x64\jre\17.0.11-win32-x86_64\bin\nio.dll
0x00007ff862bf0000 - 0x00007ff862c00000 	c:\Users\Administrator\.vscode\extensions\redhat.java-1.31.0-win32-x64\jre\17.0.11-win32-x86_64\bin\verify.dll

dbghelp: loaded successfully - version: 4.0.5 - missing functions: none
symbol engine: initialized successfully - sym options: 0x614 - pdb path: .;c:\Users\Administrator\.vscode\extensions\redhat.java-1.31.0-win32-x64\jre\17.0.11-win32-x86_64\bin;C:\WINDOWS\SYSTEM32;C:\WINDOWS\WinSxS\amd64_microsoft.windows.common-controls_6595b64144ccf1df_6.0.19041.3636_none_60b6a03d71f818d5;C:\Program Files (x86)\360\360Safe\safemon;c:\Users\Administrator\.vscode\extensions\redhat.java-1.31.0-win32-x64\jre\17.0.11-win32-x86_64\bin\server

VM Arguments:
jvm_args: --add-modules=ALL-SYSTEM --add-opens=java.base/java.util=ALL-UNNAMED --add-opens=java.base/java.lang=ALL-UNNAMED --add-opens=java.base/sun.nio.fs=ALL-UNNAMED -Declipse.application=org.eclipse.jdt.ls.core.id1 -Dosgi.bundles.defaultStartLevel=4 -Declipse.product=org.eclipse.jdt.ls.core.product -Djava.import.generatesMetadataFilesAtProjectRoot=false -DDetectVMInstallationsJob.disabled=true -Dfile.encoding=utf8 -XX:+UseParallelGC -XX:GCTimeRatio=4 -XX:AdaptiveSizePolicyWeight=90 -Dsun.zip.disableMemoryMapping=true -Xmx1G -Xms100m -Xlog:disable -javaagent:c:\Users\Administrator\.vscode\extensions\redhat.java-1.31.0-win32-x64\lombok\lombok-1.18.32.jar -XX:+HeapDumpOnOutOfMemoryError -XX:HeapDumpPath=c:\Users\Administrator\AppData\Roaming\Code\User\workspaceStorage\124f557a40298f3a0bc831777eeb44b7\redhat.java -Daether.dependencyCollector.impl=bf 
java_command: c:\Users\Administrator\.vscode\extensions\redhat.java-1.31.0-win32-x64\server\plugins\org.eclipse.equinox.launcher_1.6.800.v20240513-1750.jar -configuration c:\Users\Administrator\AppData\Roaming\Code\User\globalStorage\redhat.java\1.31.0\config_win -data c:\Users\Administrator\AppData\Roaming\Code\User\workspaceStorage\124f557a40298f3a0bc831777eeb44b7\redhat.java\jdt_ws --pipe=\\.\pipe\lsp-21ca156835f3b195c50ee945061f961d-sock
java_class_path (initial): c:\Users\Administrator\.vscode\extensions\redhat.java-1.31.0-win32-x64\server\plugins\org.eclipse.equinox.launcher_1.6.800.v20240513-1750.jar
Launcher Type: SUN_STANDARD

[Global flags]
    uintx AdaptiveSizePolicyWeight                 = 90                                        {product} {command line}
     intx CICompilerCount                          = 4                                         {product} {ergonomic}
    uintx GCTimeRatio                              = 4                                         {product} {command line}
     bool HeapDumpOnOutOfMemoryError               = true                                   {manageable} {command line}
    ccstr HeapDumpPath                             = c:\Users\Administrator\AppData\Roaming\Code\User\workspaceStorage\124f557a40298f3a0bc831777eeb44b7\redhat.java         {manageable} {command line}
   size_t InitialHeapSize                          = 104857600                                 {product} {command line}
   size_t MaxHeapSize                              = 1073741824                                {product} {command line}
   size_t MaxNewSize                               = 357564416                                 {product} {ergonomic}
   size_t MinHeapDeltaBytes                        = 524288                                    {product} {ergonomic}
   size_t MinHeapSize                              = 104857600                                 {product} {command line}
   size_t NewSize                                  = 34603008                                  {product} {ergonomic}
    uintx NonNMethodCodeHeapSize                   = 5839372                                {pd product} {ergonomic}
    uintx NonProfiledCodeHeapSize                  = 122909434                              {pd product} {ergonomic}
   size_t OldSize                                  = 70254592                                  {product} {ergonomic}
    uintx ProfiledCodeHeapSize                     = 122909434                              {pd product} {ergonomic}
    uintx ReservedCodeCacheSize                    = 251658240                              {pd product} {ergonomic}
     bool SegmentedCodeCache                       = true                                      {product} {ergonomic}
   size_t SoftMaxHeapSize                          = 1073741824                             {manageable} {ergonomic}
     bool UseCompressedClassPointers               = true                           {product lp64_product} {ergonomic}
     bool UseCompressedOops                        = true                           {product lp64_product} {ergonomic}
     bool UseLargePagesIndividualAllocation        = false                                  {pd product} {ergonomic}
     bool UseParallelGC                            = true                                      {product} {command line}

Logging:
Log output configuration:
 #0: stdout all=off uptime,level,tags
 #1: stderr all=off uptime,level,tags

Environment Variables:
JAVA_HOME=C:\jdk-17_windows-x64_bin (1)\jdk-17.0.6
CLASSPATH=.;C:\jdk-17_windows-x64_bin (1)\jdk-17.0.6\lib\dt.jar;C:\jdk-17_windows-x64_bin (1)\jdk-17.0.6\lib\tools.jar;
PATH=E:\VMware\VMware Player\bin\;C:\Program Files\Common Files\Oracle\Java\javapath;C:\jdk-17_windows-x64_bin (1)\jdk-17.0.6\bin;C:\Windows\system32;C:\Windows;C:\Windows\system32\wbem;C:\Program Files\NVIDIA Corporation\NVIDIA NvDLISR;C:\Program Files\Microsoft SQL Server\Client SDK\ODBC\170\Tools\Binn\;C:\Program Files\dotnet\;C:\Program Files (x86)\Microsoft SQL Server\150\Tools\Binn\;C:\Program Files\Microsoft SQL Server\150\Tools\Binn\;C:\Program Files\Microsoft SQL Server\150\DTS\Binn\;C:\Program Files (x86)\Windows Kits\8.1\Windows Performance Toolkit\;C:\WINDOWS\system32;C:\WINDOWS;C:\WINDOWS\System32\Wbem;C:\WINDOWS\System32\WindowsPowerShell\v1.0\;C:\WINDOWS\System32\OpenSSH\;G:\Windows Kits\10\Windows Performance Toolkit\;G:\Git\cmd;G:\flutter\bin;C:\Users\Administrator\AppData\Local\Programs\Python\Python310\Scripts\;C:\Users\Administrator\AppData\Local\Programs\Python\Python310\;C:\Users\Administrator\AppData\Local\Microsoft\WindowsApps;C:\Users\Administrator\AppData\Local\GitHubDesktop\bin;F:\PyCharm\PyCharm Community Edition 2023.1.2\bin;;F:\IDEA\IntelliJ IDEA 2023.1.2\bin;;G:\PyCharm 2023.3.1\bin;;F:\CLion\CLion 2023.1.3\bin;;C:\Users\Administrator\.dotnet\tools;G:\quartus 2\modelsim_ase\win32aloem;G:\Microsoft VS Code\bin;G:\flutter\bin;G:\Git\bin;E:\Sdk;G:\Program Files;"G:\flutter\bin"
USERNAME=Administrator
OS=Windows_NT
PROCESSOR_IDENTIFIER=Intel64 Family 6 Model 141 Stepping 1, GenuineIntel
TMP=C:\Users\ADMINI~1\AppData\Local\Temp
TEMP=C:\Users\ADMINI~1\AppData\Local\Temp



Periodic native trim disabled


---------------  S Y S T E M  ---------------

OS:
 Windows 10 , 64 bit Build 19041 (10.0.19041.3636)
OS uptime: 0 days 0:18 hours
Hyper-V role detected

CPU: total 12 (initial active 12) (6 cores per cpu, 2 threads per core) family 6 model 141 stepping 1 microcode 0x3c, cx8, cmov, fxsr, ht, mmx, 3dnowpref, sse, sse2, sse3, ssse3, sse4.1, sse4.2, popcnt, lzcnt, tsc, tscinvbit, avx, avx2, aes, erms, clmul, bmi1, bmi2, adx, avx512f, avx512dq, avx512cd, avx512bw, avx512vl, sha, fma, vzeroupper, avx512_vpopcntdq, avx512_vpclmulqdq, avx512_vaes, avx512_vnni, clflush, clflushopt, clwb, avx512_vbmi2, avx512_vbmi, hv
Processor Information for all 12 processors :
  Max Mhz: 2688, Current Mhz: 2688, Mhz Limit: 2688

Memory: 4k page, system-wide physical 16235M (5632M free)
TotalPageFile size 16235M (AvailPageFile size 349M)
current process WorkingSet (physical memory assigned to process): 81M, peak: 81M
current process commit charge ("private bytes"): 208M, peak: 208M

vm_info: OpenJDK 64-Bit Server VM (17.0.11+9) for windows-amd64 JRE (17.0.11+9), built on Apr 17 2024 06:07:48 by "admin" with MS VC++ 16.10 / 16.11 (VS2019)

END.
