#
# There is insufficient memory for the Java Runtime Environment to continue.
# Native memory allocation (mmap) failed to map 266338304 bytes for G1 virtual space
# Possible reasons:
#   The system is out of physical RAM or swap space
#   The process is running with CompressedOops enabled, and the Java Heap may be blocking the growth of the native heap
# Possible solutions:
#   Reduce memory load on the system
#   Increase physical memory or swap space
#   Check if swap backing store is full
#   Decrease Java heap size (-Xmx/-Xms)
#   Decrease number of Java threads
#   Decrease Java thread stack sizes (-Xss)
#   Set larger code cache with -XX:ReservedCodeCacheSize=
#   JVM is running with Zero Based Compressed Oops mode in which the Java heap is
#     placed in the first 32GB address space. The Java Heap base address is the
#     maximum limit for the native heap growth. Please use -XX:HeapBaseMinAddress
#     to set the Java Heap base and to place the Java Heap above 32GB virtual address.
# This output file may be truncated or incomplete.
#
#  Out of Memory Error (os_windows.cpp:3825), pid=5076, tid=14216
#
# JRE version:  (17.0.9) (build )
# Java VM: OpenJDK 64-Bit Server VM (17.0.9+0--11185874, mixed mode, sharing, tiered, compressed oops, compressed class ptrs, g1 gc, windows-amd64)
# No core dump will be written. Minidumps are not enabled by default on client versions of Windows
#

---------------  S U M M A R Y ------------

Command Line: 

Host: 11th Gen Intel(R) Core(TM) i5-11400H @ 2.70GHz, 12 cores, 15G,  Windows 10 , 64 bit Build 19041 (10.0.19041.3636)
Time: Wed Jul 10 11:34:25 2024  Windows 10 , 64 bit Build 19041 (10.0.19041.3636) elapsed time: 0.013813 seconds (0d 0h 0m 0s)

---------------  T H R E A D  ---------------

Current thread (0x00000135989f9390):  JavaThread "Unknown thread" [_thread_in_vm, id=14216, stack(0x0000000f7bd00000,0x0000000f7be00000)]

Stack: [0x0000000f7bd00000,0x0000000f7be00000]
Native frames: (J=compiled Java code, j=interpreted, Vv=VM code, C=native code)
V  [jvm.dll+0x6886e9]
V  [jvm.dll+0x841e4a]
V  [jvm.dll+0x843a8e]
V  [jvm.dll+0x8440f3]
V  [jvm.dll+0x24c14f]
V  [jvm.dll+0x685499]
V  [jvm.dll+0x679c2a]
V  [jvm.dll+0x30cf9b]
V  [jvm.dll+0x314446]
V  [jvm.dll+0x36425e]
V  [jvm.dll+0x36448f]
V  [jvm.dll+0x2e2d68]
V  [jvm.dll+0x2e3cd4]
V  [jvm.dll+0x8129f1]
V  [jvm.dll+0x3720c1]
V  [jvm.dll+0x7f152c]
V  [jvm.dll+0x3f5d4f]
V  [jvm.dll+0x3f7981]
C  [jli.dll+0x528f]
C  [ucrtbase.dll+0x21bb2]
C  [KERNEL32.DLL+0x17344]
C  [ntdll.dll+0x526b1]


---------------  P R O C E S S  ---------------

Threads class SMR info:
_java_thread_list=0x00007fffa2a9ef18, length=0, elements={
}

Java Threads: ( => current thread )

Other Threads:
  0x0000013598a69660 GCTaskThread "GC Thread#0" [stack: 0x0000000f7be00000,0x0000000f7bf00000] [id=13592]
  0x0000013598a7b290 ConcurrentGCThread "G1 Main Marker" [stack: 0x0000000f7bf00000,0x0000000f7c000000] [id=12052]
  0x0000013598a7bbc0 ConcurrentGCThread "G1 Conc#0" [stack: 0x0000000f7c000000,0x0000000f7c100000] [id=7780]

[error occurred during error reporting (printing all threads), id 0xc0000005, EXCEPTION_ACCESS_VIOLATION (0xc0000005) at pc=0x00007fffa2253937]

VM state: not at safepoint (not fully initialized)

VM Mutex/Monitor currently owned by a thread:  ([mutex/lock_event])
[0x00000135989f6110] Heap_lock - owner thread: 0x00000135989f9390

Heap address: 0x0000000702400000, size: 4060 MB, Compressed Oops mode: Zero based, Oop shift amount: 3

CDS archive(s) mapped at: [0x0000000000000000-0x0000000000000000-0x0000000000000000), size 0, SharedBaseAddress: 0x0000000800000000, ArchiveRelocationMode: 1.
Narrow klass base: 0x0000000000000000, Narrow klass shift: 0, Narrow klass range: 0x0

GC Precious Log:
<Empty>

Heap:
 garbage-first heap   total 0K, used 0K [0x0000000702400000, 0x0000000800000000)
  region size 2048K, 0 young (0K), 0 survivors (0K)
 Metaspace       used 0K, committed 0K, reserved 0K
  class space    used 0K, committed 0K, reserved 0K

Heap Regions: E=young(eden), S=young(survivor), O=old, HS=humongous(starts), HC=humongous(continues), CS=collection set, F=free, OA=open archive, CA=closed archive, TAMS=top-at-mark-start (previous, next)

Card table byte_map: [0x00000135ac680000,0x00000135ace70000] _byte_map_base: 0x00000135a8e6e000

Marking Bits (Prev, Next): (CMBitMap*) 0x0000013598a6aba0, (CMBitMap*) 0x0000013598a6abe0
 Prev Bits: [0x00000135ad660000, 0x00000135b15d0000)
 Next Bits: [0x00000135b15d0000, 0x00000135b5540000)

GC Heap History (0 events):
No events

Dll operation events (1 events):
Event: 0.008 Loaded shared library G:\Android Studio\jbr\bin\java.dll

Deoptimization events (0 events):
No events

Classes unloaded (0 events):
No events

Classes redefined (0 events):
No events

Internal exceptions (0 events):
No events

VM Operations (0 events):
No events

Events (0 events):
No events


Dynamic libraries:
0x00007ff666ca0000 - 0x00007ff666caa000 	G:\Android Studio\jbr\bin\java.EXE
0x00007fffdb550000 - 0x00007fffdb748000 	C:\WINDOWS\SYSTEM32\ntdll.dll
0x00007fffda930000 - 0x00007fffda9ed000 	C:\WINDOWS\System32\KERNEL32.DLL
0x00007fffd8a10000 - 0x00007fffd8d06000 	C:\WINDOWS\System32\KERNELBASE.dll
0x00007fffd88c0000 - 0x00007fffd89c0000 	C:\WINDOWS\System32\ucrtbase.dll
0x00007fffd3d40000 - 0x00007fffd3d57000 	G:\Android Studio\jbr\bin\jli.dll
0x00007fffd3d20000 - 0x00007fffd3d3b000 	G:\Android Studio\jbr\bin\VCRUNTIME140.dll
0x00007fffda630000 - 0x00007fffda7ce000 	C:\WINDOWS\System32\USER32.dll
0x00007fffd9060000 - 0x00007fffd9082000 	C:\WINDOWS\System32\win32u.dll
0x00007fffdb430000 - 0x00007fffdb45c000 	C:\WINDOWS\System32\GDI32.dll
0x00007fffd92d0000 - 0x00007fffd93ea000 	C:\WINDOWS\System32\gdi32full.dll
0x00007fffc7080000 - 0x00007fffc731a000 	C:\WINDOWS\WinSxS\amd64_microsoft.windows.common-controls_6595b64144ccf1df_6.0.19041.3636_none_60b6a03d71f818d5\COMCTL32.dll
0x00007fffd8e70000 - 0x00007fffd8f0d000 	C:\WINDOWS\System32\msvcp_win.dll
0x00007fffda400000 - 0x00007fffda49e000 	C:\WINDOWS\System32\msvcrt.dll
0x00007fffdaac0000 - 0x00007fffdaaf0000 	C:\WINDOWS\System32\IMM32.DLL
0x000000006a440000 - 0x000000006a44d000 	C:\Program Files (x86)\360\360Safe\safemon\SafeWrapper.dll
0x00007fffd9df0000 - 0x00007fffd9e9f000 	C:\WINDOWS\System32\ADVAPI32.dll
0x00007fffd9cb0000 - 0x00007fffd9d4c000 	C:\WINDOWS\System32\sechost.dll
0x00007fffdb300000 - 0x00007fffdb426000 	C:\WINDOWS\System32\RPCRT4.dll
0x00007fffbb870000 - 0x00007fffbb973000 	C:\Program Files (x86)\360\360Safe\safemon\libzdtp64.dll
0x00007fffdabb0000 - 0x00007fffdb2f5000 	C:\WINDOWS\System32\SHELL32.dll
0x00007fffda3a0000 - 0x00007fffda3f5000 	C:\WINDOWS\System32\SHLWAPI.dll
0x00007fffd8450000 - 0x00007fffd845a000 	C:\WINDOWS\SYSTEM32\VERSION.dll
0x00007fffd3040000 - 0x00007fffd304c000 	G:\Android Studio\jbr\bin\vcruntime140_1.dll
0x00007fffbca30000 - 0x00007fffbcabd000 	G:\Android Studio\jbr\bin\msvcp140.dll
0x00007fffa1f60000 - 0x00007fffa2be3000 	G:\Android Studio\jbr\bin\server\jvm.dll
0x00007fffd9190000 - 0x00007fffd91db000 	C:\WINDOWS\System32\POWRPROF.dll
0x00007fffbf060000 - 0x00007fffbf069000 	C:\WINDOWS\SYSTEM32\WSOCK32.dll
0x00007fffcc1d0000 - 0x00007fffcc1f7000 	C:\WINDOWS\SYSTEM32\WINMM.dll
0x00007fffd9b60000 - 0x00007fffd9bcb000 	C:\WINDOWS\System32\WS2_32.dll
0x00007fffd7c80000 - 0x00007fffd7c92000 	C:\WINDOWS\SYSTEM32\UMPDC.dll
0x00007fffd9280000 - 0x00007fffd9292000 	C:\WINDOWS\System32\kernel.appcore.dll
0x00007fffd2180000 - 0x00007fffd218a000 	G:\Android Studio\jbr\bin\jimage.dll
0x00007fffd6d40000 - 0x00007fffd6f24000 	C:\WINDOWS\SYSTEM32\DBGHELP.DLL
0x00007fffb4d10000 - 0x00007fffb4d44000 	C:\WINDOWS\SYSTEM32\dbgcore.DLL
0x00007fffd8fd0000 - 0x00007fffd9052000 	C:\WINDOWS\System32\bcryptPrimitives.dll
0x00007fffbcef0000 - 0x00007fffbcf15000 	G:\Android Studio\jbr\bin\java.dll

dbghelp: loaded successfully - version: 4.0.5 - missing functions: none
symbol engine: initialized successfully - sym options: 0x614 - pdb path: .;G:\Android Studio\jbr\bin;C:\WINDOWS\SYSTEM32;C:\WINDOWS\WinSxS\amd64_microsoft.windows.common-controls_6595b64144ccf1df_6.0.19041.3636_none_60b6a03d71f818d5;C:\Program Files (x86)\360\360Safe\safemon;G:\Android Studio\jbr\bin\server

VM Arguments:
java_command: <unknown>
java_class_path (initial): .;C:\jdk-17_windows-x64_bin (1)\jdk-17.0.6\lib\dt.jar;C:\jdk-17_windows-x64_bin (1)\jdk-17.0.6\lib\tools.jar;
Launcher Type: SUN_STANDARD

[Global flags]
     intx CICompilerCount                          = 4                                         {product} {ergonomic}
     uint ConcGCThreads                            = 3                                         {product} {ergonomic}
     uint G1ConcRefinementThreads                  = 10                                        {product} {ergonomic}
   size_t G1HeapRegionSize                         = 2097152                                   {product} {ergonomic}
    uintx GCDrainStackTargetSize                   = 64                                        {product} {ergonomic}
   size_t InitialHeapSize                          = 266338304                                 {product} {ergonomic}
   size_t MarkStackSize                            = 4194304                                   {product} {ergonomic}
   size_t MaxHeapSize                              = 4257218560                                {product} {ergonomic}
   size_t MinHeapDeltaBytes                        = 2097152                                   {product} {ergonomic}
   size_t MinHeapSize                              = 8388608                                   {product} {ergonomic}
    uintx NonNMethodCodeHeapSize                   = 5839372                                {pd product} {ergonomic}
    uintx NonProfiledCodeHeapSize                  = 122909434                              {pd product} {ergonomic}
    uintx ProfiledCodeHeapSize                     = 122909434                              {pd product} {ergonomic}
    uintx ReservedCodeCacheSize                    = 251658240                              {pd product} {ergonomic}
     bool SegmentedCodeCache                       = true                                      {product} {ergonomic}
   size_t SoftMaxHeapSize                          = 4257218560                             {manageable} {ergonomic}
     bool UseCompressedClassPointers               = true                           {product lp64_product} {ergonomic}
     bool UseCompressedOops                        = true                           {product lp64_product} {ergonomic}
     bool UseG1GC                                  = true                                      {product} {ergonomic}
     bool UseLargePagesIndividualAllocation        = false                                  {pd product} {ergonomic}

Logging:
Log output configuration:
 #0: stdout all=warning uptime,level,tags
 #1: stderr all=off uptime,level,tags

Environment Variables:
JAVA_HOME=C:\jdk-17_windows-x64_bin (1)\jdk-17.0.6
CLASSPATH=.;C:\jdk-17_windows-x64_bin (1)\jdk-17.0.6\lib\dt.jar;C:\jdk-17_windows-x64_bin (1)\jdk-17.0.6\lib\tools.jar;
PATH=E:\VMware\VMware Player\bin\;C:\Program Files\Common Files\Oracle\Java\javapath;C:\jdk-17_windows-x64_bin (1)\jdk-17.0.6\bin;C:\Windows\system32;C:\Windows;C:\Windows\system32\wbem;C:\Program Files\NVIDIA Corporation\NVIDIA NvDLISR;C:\Program Files\Microsoft SQL Server\Client SDK\ODBC\170\Tools\Binn\;C:\Program Files\dotnet\;C:\Program Files (x86)\Microsoft SQL Server\150\Tools\Binn\;C:\Program Files\Microsoft SQL Server\150\Tools\Binn\;C:\Program Files\Microsoft SQL Server\150\DTS\Binn\;C:\Program Files (x86)\Windows Kits\8.1\Windows Performance Toolkit\;C:\WINDOWS\system32;C:\WINDOWS;C:\WINDOWS\System32\Wbem;C:\WINDOWS\System32\WindowsPowerShell\v1.0\;C:\WINDOWS\System32\OpenSSH\;G:\Windows Kits\10\Windows Performance Toolkit\;G:\flutter\bin;C:\Program Files\Git\cmd;C:\Users\Administrator\AppData\Local\Programs\Python\Python310\Scripts\;C:\Users\Administrator\AppData\Local\Programs\Python\Python310\;C:\Users\Administrator\AppData\Local\Microsoft\WindowsApps;C:\Users\Administrator\AppData\Local\GitHubDesktop\bin;F:\PyCharm\PyCharm Community Edition 2023.1.2\bin;;F:\IDEA\IntelliJ IDEA 2023.1.2\bin;;G:\PyCharm 2023.3.1\bin;;F:\CLion\CLion 2023.1.3\bin;;C:\Users\Administrator\.dotnet\tools;G:\quartus 2\modelsim_ase\win32aloem;G:\Microsoft VS Code\bin;G:\flutter\bin;G:\Git\bin;E:\Sdk;G:\Program Files;"G:\flutter\bin";G:\flutter\bin\mingit\cmd;G:\flutter\bin\mingit\cmd
USERNAME=Administrator
OS=Windows_NT
PROCESSOR_IDENTIFIER=Intel64 Family 6 Model 141 Stepping 1, GenuineIntel
TMP=C:\Users\ADMINI~1\AppData\Local\Temp
TEMP=C:\Users\ADMINI~1\AppData\Local\Temp



Periodic native trim disabled

JNI global refs:
JNI global refs: 0, weak refs: 0

JNI global refs memory usage: 0, weak refs: 0

OOME stack traces (most recent first):
Classloader memory used:


---------------  S Y S T E M  ---------------

OS:
 Windows 10 , 64 bit Build 19041 (10.0.19041.3636)
OS uptime: 0 days 1:16 hours
Hyper-V role detected

CPU: total 12 (initial active 12) (6 cores per cpu, 2 threads per core) family 6 model 141 stepping 1 microcode 0x3c, cx8, cmov, fxsr, ht, mmx, 3dnowpref, sse, sse2, sse3, ssse3, sse4.1, sse4.2, popcnt, lzcnt, tsc, tscinvbit, avx, avx2, aes, erms, clmul, bmi1, bmi2, adx, avx512f, avx512dq, avx512cd, avx512bw, avx512vl, sha, fma, vzeroupper, avx512_vpopcntdq, avx512_vpclmulqdq, avx512_vaes, avx512_vnni, clflush, clflushopt, clwb, avx512_vbmi2, avx512_vbmi, hv
Processor Information for all 12 processors :
  Max Mhz: 2688, Current Mhz: 2688, Mhz Limit: 2688

Memory: 4k page, system-wide physical 16235M (5219M free)
TotalPageFile size 20331M (AvailPageFile size 204M)
current process WorkingSet (physical memory assigned to process): 12M, peak: 12M
current process commit charge ("private bytes"): 65M, peak: 319M

vm_info: OpenJDK 64-Bit Server VM (17.0.9+0--11185874) for windows-amd64 JRE (17.0.9+0--11185874), built on Dec  6 2023 18:57:44 by "androidbuild" with MS VC++ 16.10 / 16.11 (VS2019)

END.
